<?xml version="1.0" encoding="UTF-8"?>
<!-- Generated by org.testng.reporters.JUnitXMLReporter -->
<testsuite ignored="2" hostname="LT083836" failures="0" tests="16" name="Default test" time="0.249" errors="0" timestamp="2023-06-07T15:22:54 IST">
  <testcase classname="base.BaseClass" name="@BeforeClass initDriver" time="-1.686131573875E9">
    <failure type="org.testng.TestNGException" message="
Parameter &amp;apos;browser&amp;apos; is required by BeforeClass on method initDriver but has not been marked @Optional or defined
in C:\Users\2266534\AppData\Local\Temp\testng-eclipse-80098401\testng-customsuite.xml">
      <![CDATA[org.testng.TestNGException: 
Parameter 'browser' is required by BeforeClass on method initDriver but has not been marked @Optional or defined
in C:\Users\2266534\AppData\Local\Temp\testng-eclipse-80098401\testng-customsuite.xml
at org.testng.internal.Parameters.createParams(Parameters.java:270)
at org.testng.internal.Parameters.createParametersForMethod(Parameters.java:358)
at org.testng.internal.Parameters.createParameters(Parameters.java:700)
at org.testng.internal.Parameters.createConfigurationParameters(Parameters.java:168)
at org.testng.internal.ConfigInvoker.invokeConfigurations(ConfigInvoker.java:302)
at org.testng.internal.TestMethodWorker.invokeBeforeClassMethods(TestMethodWorker.java:176)
at org.testng.internal.TestMethodWorker.run(TestMethodWorker.java:122)
at java.base/java.util.ArrayList.forEach(ArrayList.java:1511)
at org.testng.TestRunner.privateRun(TestRunner.java:794)
at org.testng.TestRunner.run(TestRunner.java:596)
at org.testng.SuiteRunner.runTest(SuiteRunner.java:377)
at org.testng.SuiteRunner.runSequentially(SuiteRunner.java:371)
at org.testng.SuiteRunner.privateRun(SuiteRunner.java:332)
at org.testng.SuiteRunner.run(SuiteRunner.java:276)
at org.testng.SuiteRunnerWorker.runSuite(SuiteRunnerWorker.java:53)
at org.testng.SuiteRunnerWorker.run(SuiteRunnerWorker.java:96)
at org.testng.TestNG.runSuitesSequentially(TestNG.java:1212)
at org.testng.TestNG.runSuitesLocally(TestNG.java:1134)
at org.testng.TestNG.runSuites(TestNG.java:1063)
at org.testng.TestNG.run(TestNG.java:1031)
at org.testng.remote.AbstractRemoteTestNG.run(AbstractRemoteTestNG.java:115)
at org.testng.remote.RemoteTestNG.initAndRun(RemoteTestNG.java:251)
at org.testng.remote.RemoteTestNG.main(RemoteTestNG.java:77)
]]>
    </failure>
  </testcase> <!-- @BeforeClass initDriver -->
  <testcase classname="tests.LowCabFareTests" name="@BeforeMethod setPage" time="-1.686131573941E9">
    <skipped/>
  </testcase> <!-- @BeforeMethod setPage -->
  <testcase classname="base.BaseClass" name="@AfterClass tearDown" time="-1.686131574041E9">
    <skipped/>
  </testcase> <!-- @AfterClass tearDown -->
  <testcase classname="tests.LowCabFareTests" name="testVisitMakeMyTrip" time="0.0">
    <skipped/>
  </testcase> <!-- testVisitMakeMyTrip -->
  <testcase classname="tests.LowCabFareTests" name="testHandleModal" time="0.0">
    <skipped/>
  </testcase> <!-- testHandleModal -->
  <testcase classname="tests.LowCabFareTests" name="testClickCabsLink" time="0.0">
    <skipped/>
  </testcase> <!-- testClickCabsLink -->
  <testcase classname="tests.LowCabFareTests" name="testClickOneWayOutstationLink" time="0.0">
    <skipped/>
  </testcase> <!-- testClickOneWayOutstationLink -->
  <testcase classname="tests.LowCabFareTests" name="testClickSourceLink" time="0.0">
    <skipped/>
  </testcase> <!-- testClickSourceLink -->
  <testcase classname="tests.LowCabFareTests" name="testEnterDestination" time="0.0">
    <skipped/>
  </testcase> <!-- testEnterDestination -->
  <testcase classname="tests.LowCabFareTests" name="testClickDestinationLink" time="0.0">
    <skipped/>
  </testcase> <!-- testClickDestinationLink -->
  <testcase classname="tests.LowCabFareTests" name="testClickNextMonthLink" time="0.0">
    <skipped/>
  </testcase> <!-- testClickNextMonthLink -->
  <testcase classname="tests.LowCabFareTests" name="testClickDateSelectorLink" time="0.0">
    <skipped/>
  </testcase> <!-- testClickDateSelectorLink -->
  <testcase classname="tests.LowCabFareTests" name="testClickTimePickerLink" time="0.0">
    <skipped/>
  </testcase> <!-- testClickTimePickerLink -->
  <testcase classname="tests.LowCabFareTests" name="testClickHourPickerLink" time="0.0">
    <skipped/>
  </testcase> <!-- testClickHourPickerLink -->
  <testcase classname="tests.LowCabFareTests" name="testClickMinPickerLink" time="0.0">
    <skipped/>
  </testcase> <!-- testClickMinPickerLink -->
  <testcase classname="tests.LowCabFareTests" name="testClickApplyLink" time="0.0">
    <skipped/>
  </testcase> <!-- testClickApplyLink -->
  <testcase classname="tests.LowCabFareTests" name="testClickSearchLink" time="0.0">
    <skipped/>
  </testcase> <!-- testClickSearchLink -->
  <testcase classname="tests.LowCabFareTests" name="testClickSortLink" time="0.0">
    <skipped/>
  </testcase> <!-- testClickSortLink -->
  <testcase classname="tests.LowCabFareTests" name="testSelectSuv" time="0.0">
    <skipped/>
  </testcase> <!-- testSelectSuv -->
  <testcase classname="tests.LowCabFareTests" name="testGetPrice" time="0.0">
    <ignored/>
  </testcase> <!-- testGetPrice -->
  <testcase classname="tests.LowCabFareTests" name="testClickLowestFare" time="0.0">
    <ignored/>
  </testcase> <!-- testClickLowestFare -->
</testsuite> <!-- Default test -->
